EDA Netlist Writer report for Bcd2bin
Wed Nov 17 02:13:52 2021
Quartus II Version 8.1 Build 163 10/28/2008 SJ Web Edition


---------------------
; Table of Contents ;
---------------------
  1. Legal Notice
  2. EDA Netlist Writer Summary
  3. Simulation Settings
  4. Simulation Generated Files
  5. Timing Analysis Settings
  6. Timing Analysis Generated Files
  7. EDA Netlist Writer Messages



----------------
; Legal Notice ;
----------------
Copyright (C) 1991-2008 Altera Corporation
Your use of Altera Corporation's design tools, logic functions 
and other software and tools, and its AMPP partner logic 
functions, and any output files from any of the foregoing 
(including device programming or simulation files), and any 
associated documentation or information are expressly subject 
to the terms and conditions of the Altera Program License 
Subscription Agreement, Altera MegaCore Function License 
Agreement, or other applicable license agreement, including, 
without limitation, that your use is for the sole purpose of 
programming logic devices manufactured by Altera and sold by 
Altera or its authorized distributors.  Please refer to the 
applicable agreement for further details.



+------------------------------------------------------------------------+
; EDA Netlist Writer Summary                                             ;
+--------------------------------+---------------------------------------+
; EDA Netlist Writer Status      ; Successful - Wed Nov 17 02:13:52 2021 ;
; Revision Name                  ; Bcd2bin                               ;
; Top-level Entity Name          ; Bcd2bin                               ;
; Family                         ; Cyclone III                           ;
; Simulation Files Creation      ; Successful                            ;
; Timing Analysis Files Creation ; Successful                            ;
+--------------------------------+---------------------------------------+


+----------------------------------------------------------------------------------------------------------+
; Simulation Settings                                                                                      ;
+--------------------------------------------------------------------------------------------+-------------+
; Option                                                                                     ; Setting     ;
+--------------------------------------------------------------------------------------------+-------------+
; Tool Name                                                                                  ; Custom VHDL ;
; Generate netlist for functional simulation only                                            ; Off         ;
; Time scale                                                                                 ; 1 ps        ;
; Truncate long hierarchy paths                                                              ; Off         ;
; Map illegal HDL characters                                                                 ; Off         ;
; Flatten buses into individual nodes                                                        ; Off         ;
; Maintain hierarchy                                                                         ; Off         ;
; Bring out device-wide set/reset signals as ports                                           ; Off         ;
; Enable glitch filtering                                                                    ; Off         ;
; Do not write top level VHDL entity                                                         ; Off         ;
; Disable setup and hold time violations detection in input registers of bi-directional pins ; Off         ;
; Architecture name in VHDL output netlist                                                   ; structure   ;
+--------------------------------------------------------------------------------------------+-------------+


+---------------------------------------------------------------------------------------------+
; Simulation Generated Files                                                                  ;
+---------------------------------------------------------------------------------------------+
; Generated Files                                                                             ;
+---------------------------------------------------------------------------------------------+
; E:/Tonie/Desktop/DigitalLab/Calculator/simulation/custom/Bcd2bin.vho                        ;
; E:/Tonie/Desktop/DigitalLab/Calculator/simulation/custom/Bcd2bin_8_1200mv_85c_vhd_slow.sdo  ;
; E:/Tonie/Desktop/DigitalLab/Calculator/simulation/custom/Bcd2bin_8_1200mv_0c_vhd_slow.sdo   ;
; E:/Tonie/Desktop/DigitalLab/Calculator/simulation/custom/Bcd2bin_min_1200mv_0c_vhd_fast.sdo ;
; E:/Tonie/Desktop/DigitalLab/Calculator/simulation/custom/Bcd2bin_vhd.sdo                    ;
+---------------------------------------------------------------------------------------------+


+---------------------------------------------------+
; Timing Analysis Settings                          ;
+-------------------------------------+-------------+
; Option                              ; Setting     ;
+-------------------------------------+-------------+
; Tool Name                           ; Custom VHDL ;
; Time scale                          ; 1 ps        ;
; Truncate long hierarchy paths       ; Off         ;
; Map illegal HDL characters          ; Off         ;
; Flatten buses into individual nodes ; Off         ;
+-------------------------------------+-------------+


+----------------------------------------------------------------------+
; Timing Analysis Generated Files                                      ;
+----------------------------------------------------------------------+
; Generated Files                                                      ;
+----------------------------------------------------------------------+
; E:/Tonie/Desktop/DigitalLab/Calculator/timing/custom/Bcd2bin.vho     ;
; E:/Tonie/Desktop/DigitalLab/Calculator/timing/custom/Bcd2bin_vhd.sdo ;
+----------------------------------------------------------------------+


+-----------------------------+
; EDA Netlist Writer Messages ;
+-----------------------------+
Info: *******************************************************************
Info: Running Quartus II EDA Netlist Writer
    Info: Version 8.1 Build 163 10/28/2008 SJ Web Edition
    Info: Processing started: Wed Nov 17 02:13:52 2021
Info: Command: quartus_eda --read_settings_files=off --write_settings_files=off Bcd2bin -c Bcd2bin
Info: Generated file Bcd2bin_8_1200mv_85c_vhd_slow.sdo in folder "E:/Tonie/Desktop/DigitalLab/Calculator/simulation/custom/" for EDA simulation tool
Info: Generated file Bcd2bin_8_1200mv_0c_vhd_slow.sdo in folder "E:/Tonie/Desktop/DigitalLab/Calculator/simulation/custom/" for EDA simulation tool
Info: Generated file Bcd2bin_min_1200mv_0c_vhd_fast.sdo in folder "E:/Tonie/Desktop/DigitalLab/Calculator/simulation/custom/" for EDA simulation tool
Info: Generated file Bcd2bin_vhd.sdo in folder "E:/Tonie/Desktop/DigitalLab/Calculator/simulation/custom/" for EDA simulation tool
Info: Generated files "Bcd2bin.vho" and "Bcd2bin_vhd.sdo" in directory "E:/Tonie/Desktop/DigitalLab/Calculator/timing/custom/" for EDA timing analysis tool
Info: Quartus II EDA Netlist Writer was successful. 0 errors, 0 warnings
    Info: Peak virtual memory: 167 megabytes
    Info: Processing ended: Wed Nov 17 02:13:52 2021
    Info: Elapsed time: 00:00:00
    Info: Total CPU time (on all processors): 00:00:00


