Flow report for Bcd2bin
Wed Nov 17 02:13:52 2021
Quartus II Version 8.1 Build 163 10/28/2008 SJ Web Edition


---------------------
; Table of Contents ;
---------------------
  1. Legal Notice
  2. Flow Summary
  3. Flow Settings
  4. Flow Non-Default Global Settings
  5. Flow Elapsed Time
  6. Flow OS Summary
  7. Flow Log



----------------
; Legal Notice ;
----------------
Copyright (C) 1991-2008 Altera Corporation
Your use of Altera Corporation's design tools, logic functions 
and other software and tools, and its AMPP partner logic 
functions, and any output files from any of the foregoing 
(including device programming or simulation files), and any 
associated documentation or information are expressly subject 
to the terms and conditions of the Altera Program License 
Subscription Agreement, Altera MegaCore Function License 
Agreement, or other applicable license agreement, including, 
without limitation, that your use is for the sole purpose of 
programming logic devices manufactured by Altera and sold by 
Altera or its authorized distributors.  Please refer to the 
applicable agreement for further details.



+------------------------------------------------------------------------------+
; Flow Summary                                                                 ;
+------------------------------------+-----------------------------------------+
; Flow Status                        ; Successful - Wed Nov 17 02:13:52 2021   ;
; Quartus II Version                 ; 8.1 Build 163 10/28/2008 SJ Web Edition ;
; Revision Name                      ; Bcd2bin                                 ;
; Top-level Entity Name              ; Bcd2bin                                 ;
; Family                             ; Cyclone III                             ;
; Device                             ; EP3C10E144C8                            ;
; Timing Models                      ; Final                                   ;
; Met timing requirements            ; N/A                                     ;
; Total logic elements               ; 56 / 10,320 ( < 1 % )                   ;
;     Total combinational functions  ; 56 / 10,320 ( < 1 % )                   ;
;     Dedicated logic registers      ; 0 / 10,320 ( 0 % )                      ;
; Total registers                    ; 0                                       ;
; Total pins                         ; 32 / 95 ( 34 % )                        ;
; Total virtual pins                 ; 0                                       ;
; Total memory bits                  ; 0 / 423,936 ( 0 % )                     ;
; Embedded Multiplier 9-bit elements ; 0 / 46 ( 0 % )                          ;
; Total PLLs                         ; 0 / 2 ( 0 % )                           ;
+------------------------------------+-----------------------------------------+


+-----------------------------------------+
; Flow Settings                           ;
+-------------------+---------------------+
; Option            ; Setting             ;
+-------------------+---------------------+
; Start date & time ; 11/17/2021 02:13:37 ;
; Main task         ; Compilation         ;
; Revision Name     ; Bcd2bin             ;
+-------------------+---------------------+


+--------------------------------------------------------------------------------------------------------------------------+
; Flow Non-Default Global Settings                                                                                         ;
+------------------------------------+--------------------------------+---------------+-------------+----------------------+
; Assignment Name                    ; Value                          ; Default Value ; Entity Name ; Section Id           ;
+------------------------------------+--------------------------------+---------------+-------------+----------------------+
; COMPILER_SIGNATURE_ID              ; 66160491557031.163709001704640 ; --            ; --          ; --                   ;
; EDA_DESIGN_ENTRY_SYNTHESIS_TOOL    ; Custom                         ; <None>        ; --          ; --                   ;
; EDA_INPUT_DATA_FORMAT              ; Vhdl                           ; --            ; --          ; eda_design_synthesis ;
; EDA_NETLIST_WRITER_OUTPUT_DIR      ; timing/custom                  ; --            ; --          ; eda_timing_analysis  ;
; EDA_OUTPUT_DATA_FORMAT             ; Vhdl                           ; --            ; --          ; eda_simulation       ;
; EDA_OUTPUT_DATA_FORMAT             ; Vhdl                           ; --            ; --          ; eda_timing_analysis  ;
; EDA_SIMULATION_TOOL                ; Custom VHDL                    ; <None>        ; --          ; --                   ;
; EDA_TIMING_ANALYSIS_TOOL           ; Custom VHDL                    ; <None>        ; --          ; --                   ;
; MAX_CORE_JUNCTION_TEMP             ; 85                             ; --            ; --          ; --                   ;
; MIN_CORE_JUNCTION_TEMP             ; 0                              ; --            ; --          ; --                   ;
; NOMINAL_CORE_SUPPLY_VOLTAGE        ; 1.2V                           ; --            ; --          ; --                   ;
; PARTITION_COLOR                    ; 16764057                       ; --            ; --          ; Top                  ;
; PARTITION_NETLIST_TYPE             ; SOURCE                         ; --            ; --          ; Top                  ;
; USE_GENERATED_PHYSICAL_CONSTRAINTS ; Off                            ; --            ; --          ; eda_blast_fpga       ;
+------------------------------------+--------------------------------+---------------+-------------+----------------------+


+-------------------------------------------------------------------------------------------------------------------------------+
; Flow Elapsed Time                                                                                                             ;
+---------------------------+--------------+-------------------------+---------------------+------------------------------------+
; Module Name               ; Elapsed Time ; Average Processors Used ; Peak Virtual Memory ; Total CPU Time (on all processors) ;
+---------------------------+--------------+-------------------------+---------------------+------------------------------------+
; Analysis & Synthesis      ; 00:00:02     ; 1.0                     ; 239 MB              ; 00:00:01                           ;
; Fitter                    ; 00:00:02     ; 1.0                     ; 289 MB              ; 00:00:02                           ;
; Assembler                 ; 00:00:00     ; 1.0                     ; 214 MB              ; 00:00:01                           ;
; TimeQuest Timing Analyzer ; 00:00:02     ; 1.0                     ; 230 MB              ; 00:00:01                           ;
; EDA Netlist Writer        ; 00:00:00     ; 1.0                     ; 162 MB              ; 00:00:00                           ;
; Total                     ; 00:00:06     ; --                      ; --                  ; 00:00:05                           ;
+---------------------------+--------------+-------------------------+---------------------+------------------------------------+


+--------------------------------------------------------------------------------------------+
; Flow OS Summary                                                                            ;
+---------------------------+------------------+---------------+------------+----------------+
; Module Name               ; Machine Hostname ; OS Name       ; OS Version ; Processor type ;
+---------------------------+------------------+---------------+------------+----------------+
; Analysis & Synthesis      ; Tonieie          ; Windows Vista ; 6.2        ; x86_64         ;
; Fitter                    ; Tonieie          ; Windows Vista ; 6.2        ; x86_64         ;
; Assembler                 ; Tonieie          ; Windows Vista ; 6.2        ; x86_64         ;
; TimeQuest Timing Analyzer ; Tonieie          ; Windows Vista ; 6.2        ; x86_64         ;
; EDA Netlist Writer        ; Tonieie          ; Windows Vista ; 6.2        ; x86_64         ;
+---------------------------+------------------+---------------+------------+----------------+


------------
; Flow Log ;
------------
quartus_map --read_settings_files=on --write_settings_files=off Bcd2bin -c Bcd2bin
quartus_fit --read_settings_files=off --write_settings_files=off Bcd2bin -c Bcd2bin
quartus_asm --read_settings_files=off --write_settings_files=off Bcd2bin -c Bcd2bin
quartus_sta Bcd2bin -c Bcd2bin
quartus_eda --read_settings_files=off --write_settings_files=off Bcd2bin -c Bcd2bin



