Analysis & Synthesis report for BIN2BCD
Wed Nov 17 05:37:45 2021
Quartus II Version 8.1 Build 163 10/28/2008 SJ Web Edition


---------------------
; Table of Contents ;
---------------------
  1. Legal Notice
  2. Analysis & Synthesis Summary
  3. Analysis & Synthesis Settings
  4. Analysis & Synthesis Source Files Read
  5. Analysis & Synthesis Resource Usage Summary
  6. Analysis & Synthesis Resource Utilization by Entity
  7. General Register Statistics
  8. Parameter Settings for Inferred Entity Instance: lpm_divide:Div3
  9. Parameter Settings for Inferred Entity Instance: lpm_divide:Mod3
 10. Parameter Settings for Inferred Entity Instance: lpm_divide:Div2
 11. Parameter Settings for Inferred Entity Instance: lpm_divide:Mod2
 12. Parameter Settings for Inferred Entity Instance: lpm_divide:Div1
 13. Parameter Settings for Inferred Entity Instance: lpm_divide:Mod1
 14. Parameter Settings for Inferred Entity Instance: lpm_divide:Div0
 15. Parameter Settings for Inferred Entity Instance: lpm_divide:Mod0
 16. Analysis & Synthesis Messages



----------------
; Legal Notice ;
----------------
Copyright (C) 1991-2008 Altera Corporation
Your use of Altera Corporation's design tools, logic functions 
and other software and tools, and its AMPP partner logic 
functions, and any output files from any of the foregoing 
(including device programming or simulation files), and any 
associated documentation or information are expressly subject 
to the terms and conditions of the Altera Program License 
Subscription Agreement, Altera MegaCore Function License 
Agreement, or other applicable license agreement, including, 
without limitation, that your use is for the sole purpose of 
programming logic devices manufactured by Altera and sold by 
Altera or its authorized distributors.  Please refer to the 
applicable agreement for further details.



+------------------------------------------------------------------------------+
; Analysis & Synthesis Summary                                                 ;
+------------------------------------+-----------------------------------------+
; Analysis & Synthesis Status        ; Successful - Wed Nov 17 05:37:45 2021   ;
; Quartus II Version                 ; 8.1 Build 163 10/28/2008 SJ Web Edition ;
; Revision Name                      ; BIN2BCD                                 ;
; Top-level Entity Name              ; BIN2BCD                                 ;
; Family                             ; Cyclone III                             ;
; Total logic elements               ; 1,718                                   ;
;     Total combinational functions  ; 1,718                                   ;
;     Dedicated logic registers      ; 0                                       ;
; Total registers                    ; 0                                       ;
; Total pins                         ; 37                                      ;
; Total virtual pins                 ; 0                                       ;
; Total memory bits                  ; 0                                       ;
; Embedded Multiplier 9-bit elements ; 0                                       ;
; Total PLLs                         ; 0                                       ;
+------------------------------------+-----------------------------------------+


+----------------------------------------------------------------------------------------------------------+
; Analysis & Synthesis Settings                                                                            ;
+----------------------------------------------------------------+--------------------+--------------------+
; Option                                                         ; Setting            ; Default Value      ;
+----------------------------------------------------------------+--------------------+--------------------+
; Device                                                         ; EP3C10E144C8       ;                    ;
; Top-level entity name                                          ; BIN2BCD            ; BIN2BCD            ;
; Family name                                                    ; Cyclone III        ; Stratix II         ;
; Type of Retiming Performed During Resynthesis                  ; Full               ;                    ;
; Resynthesis Optimization Effort                                ; Normal             ;                    ;
; Physical Synthesis Level for Resynthesis                       ; Normal             ;                    ;
; Use Generated Physical Constraints File                        ; On                 ;                    ;
; Use smart compilation                                          ; Off                ; Off                ;
; Restructure Multiplexers                                       ; Auto               ; Auto               ;
; Create Debugging Nodes for IP Cores                            ; Off                ; Off                ;
; Preserve fewer node names                                      ; On                 ; On                 ;
; Disable OpenCore Plus hardware evaluation                      ; Off                ; Off                ;
; Verilog Version                                                ; Verilog_2001       ; Verilog_2001       ;
; VHDL Version                                                   ; VHDL93             ; VHDL93             ;
; State Machine Processing                                       ; Auto               ; Auto               ;
; Safe State Machine                                             ; Off                ; Off                ;
; Extract Verilog State Machines                                 ; On                 ; On                 ;
; Extract VHDL State Machines                                    ; On                 ; On                 ;
; Ignore Verilog initial constructs                              ; Off                ; Off                ;
; Iteration limit for constant Verilog loops                     ; 5000               ; 5000               ;
; Iteration limit for non-constant Verilog loops                 ; 250                ; 250                ;
; Add Pass-Through Logic to Inferred RAMs                        ; On                 ; On                 ;
; Parallel Synthesis                                             ; Off                ; Off                ;
; DSP Block Balancing                                            ; Auto               ; Auto               ;
; NOT Gate Push-Back                                             ; On                 ; On                 ;
; Power-Up Don't Care                                            ; On                 ; On                 ;
; Remove Redundant Logic Cells                                   ; Off                ; Off                ;
; Remove Duplicate Registers                                     ; On                 ; On                 ;
; Ignore CARRY Buffers                                           ; Off                ; Off                ;
; Ignore CASCADE Buffers                                         ; Off                ; Off                ;
; Ignore GLOBAL Buffers                                          ; Off                ; Off                ;
; Ignore ROW GLOBAL Buffers                                      ; Off                ; Off                ;
; Ignore LCELL Buffers                                           ; Off                ; Off                ;
; Ignore SOFT Buffers                                            ; On                 ; On                 ;
; Limit AHDL Integers to 32 Bits                                 ; Off                ; Off                ;
; Optimization Technique                                         ; Balanced           ; Balanced           ;
; Carry Chain Length                                             ; 70                 ; 70                 ;
; Auto Carry Chains                                              ; On                 ; On                 ;
; Auto Open-Drain Pins                                           ; On                 ; On                 ;
; Perform WYSIWYG Primitive Resynthesis                          ; Off                ; Off                ;
; Perform gate-level register retiming                           ; Off                ; Off                ;
; Allow register retiming to trade off Tsu/Tco with Fmax         ; On                 ; On                 ;
; Auto ROM Replacement                                           ; On                 ; On                 ;
; Auto RAM Replacement                                           ; On                 ; On                 ;
; Auto DSP Block Replacement                                     ; On                 ; On                 ;
; Auto Shift Register Replacement                                ; Auto               ; Auto               ;
; Auto Clock Enable Replacement                                  ; On                 ; On                 ;
; Strict RAM Replacement                                         ; Off                ; Off                ;
; Allow Synchronous Control Signals                              ; On                 ; On                 ;
; Force Use of Synchronous Clear Signals                         ; Off                ; Off                ;
; Auto RAM Block Balancing                                       ; On                 ; On                 ;
; Auto RAM to Logic Cell Conversion                              ; Off                ; Off                ;
; Auto Resource Sharing                                          ; Off                ; Off                ;
; Allow Any RAM Size For Recognition                             ; Off                ; Off                ;
; Allow Any ROM Size For Recognition                             ; Off                ; Off                ;
; Allow Any Shift Register Size For Recognition                  ; Off                ; Off                ;
; Use LogicLock Constraints during Resource Balancing            ; On                 ; On                 ;
; Ignore translate_off and synthesis_off directives              ; Off                ; Off                ;
; Show Parameter Settings Tables in Synthesis Report             ; On                 ; On                 ;
; Ignore Maximum Fan-Out Assignments                             ; Off                ; Off                ;
; Synchronization Register Chain Length                          ; 2                  ; 2                  ;
; PowerPlay Power Optimization                                   ; Normal compilation ; Normal compilation ;
; HDL message level                                              ; Level2             ; Level2             ;
; Suppress Register Optimization Related Messages                ; Off                ; Off                ;
; Number of Removed Registers Reported in Synthesis Report       ; 100                ; 100                ;
; Number of Inverted Registers Reported in Synthesis Report      ; 100                ; 100                ;
; Clock MUX Protection                                           ; On                 ; On                 ;
; Auto Gated Clock Conversion                                    ; Off                ; Off                ;
; Block Design Naming                                            ; Auto               ; Auto               ;
; SDC constraint protection                                      ; Off                ; Off                ;
; Synthesis Effort                                               ; Auto               ; Auto               ;
; Allows Asynchronous Clear Usage For Shift Register Replacement ; On                 ; On                 ;
; Analysis & Synthesis Message Level                             ; Medium             ; Medium             ;
+----------------------------------------------------------------+--------------------+--------------------+


+-------------------------------------------------------------------------------------------------------------------------------------------------------+
; Analysis & Synthesis Source Files Read                                                                                                                ;
+----------------------------------+-----------------+------------------------------+-------------------------------------------------------------------+
; File Name with User-Entered Path ; Used in Netlist ; File Type                    ; File Name with Absolute Path                                      ;
+----------------------------------+-----------------+------------------------------+-------------------------------------------------------------------+
; BIN2BCD.vhd                      ; yes             ; User VHDL File               ; E:/Tonie/Desktop/DigitalLab/Calculator/BIN2BCD.vhd                ;
; lpm_divide.tdf                   ; yes             ; Megafunction                 ; e:/altera/81/quartus/libraries/megafunctions/lpm_divide.tdf       ;
; abs_divider.inc                  ; yes             ; Megafunction                 ; e:/altera/81/quartus/libraries/megafunctions/abs_divider.inc      ;
; sign_div_unsign.inc              ; yes             ; Megafunction                 ; e:/altera/81/quartus/libraries/megafunctions/sign_div_unsign.inc  ;
; aglobal81.inc                    ; yes             ; Megafunction                 ; e:/altera/81/quartus/libraries/megafunctions/aglobal81.inc        ;
; db/lpm_divide_ajm.tdf            ; yes             ; Auto-Generated Megafunction  ; E:/Tonie/Desktop/DigitalLab/Calculator/db/lpm_divide_ajm.tdf      ;
; db/sign_div_unsign_bnh.tdf       ; yes             ; Auto-Generated Megafunction  ; E:/Tonie/Desktop/DigitalLab/Calculator/db/sign_div_unsign_bnh.tdf ;
; db/alt_u_div_19f.tdf             ; yes             ; Auto-Generated Megafunction  ; E:/Tonie/Desktop/DigitalLab/Calculator/db/alt_u_div_19f.tdf       ;
; db/add_sub_unc.tdf               ; yes             ; Auto-Generated Megafunction  ; E:/Tonie/Desktop/DigitalLab/Calculator/db/add_sub_unc.tdf         ;
; db/add_sub_vnc.tdf               ; yes             ; Auto-Generated Megafunction  ; E:/Tonie/Desktop/DigitalLab/Calculator/db/add_sub_vnc.tdf         ;
; db/lpm_divide_fbm.tdf            ; yes             ; Auto-Generated Megafunction  ; E:/Tonie/Desktop/DigitalLab/Calculator/db/lpm_divide_fbm.tdf      ;
; db/sign_div_unsign_dnh.tdf       ; yes             ; Auto-Generated Megafunction  ; E:/Tonie/Desktop/DigitalLab/Calculator/db/sign_div_unsign_dnh.tdf ;
; db/alt_u_div_59f.tdf             ; yes             ; Auto-Generated Megafunction  ; E:/Tonie/Desktop/DigitalLab/Calculator/db/alt_u_div_59f.tdf       ;
; db/lpm_divide_6jm.tdf            ; yes             ; Auto-Generated Megafunction  ; E:/Tonie/Desktop/DigitalLab/Calculator/db/lpm_divide_6jm.tdf      ;
; db/sign_div_unsign_7nh.tdf       ; yes             ; Auto-Generated Megafunction  ; E:/Tonie/Desktop/DigitalLab/Calculator/db/sign_div_unsign_7nh.tdf ;
; db/alt_u_div_p8f.tdf             ; yes             ; Auto-Generated Megafunction  ; E:/Tonie/Desktop/DigitalLab/Calculator/db/alt_u_div_p8f.tdf       ;
; db/lpm_divide_shm.tdf            ; yes             ; Auto-Generated Megafunction  ; E:/Tonie/Desktop/DigitalLab/Calculator/db/lpm_divide_shm.tdf      ;
; db/sign_div_unsign_tlh.tdf       ; yes             ; Auto-Generated Megafunction  ; E:/Tonie/Desktop/DigitalLab/Calculator/db/sign_div_unsign_tlh.tdf ;
; db/alt_u_div_56f.tdf             ; yes             ; Auto-Generated Megafunction  ; E:/Tonie/Desktop/DigitalLab/Calculator/db/alt_u_div_56f.tdf       ;
; db/lpm_divide_phm.tdf            ; yes             ; Auto-Generated Megafunction  ; E:/Tonie/Desktop/DigitalLab/Calculator/db/lpm_divide_phm.tdf      ;
; db/sign_div_unsign_qlh.tdf       ; yes             ; Auto-Generated Megafunction  ; E:/Tonie/Desktop/DigitalLab/Calculator/db/sign_div_unsign_qlh.tdf ;
; db/alt_u_div_v5f.tdf             ; yes             ; Auto-Generated Megafunction  ; E:/Tonie/Desktop/DigitalLab/Calculator/db/alt_u_div_v5f.tdf       ;
+----------------------------------+-----------------+------------------------------+-------------------------------------------------------------------+


+-------------------------------------------------------------+
; Analysis & Synthesis Resource Usage Summary                 ;
+---------------------------------------------+---------------+
; Resource                                    ; Usage         ;
+---------------------------------------------+---------------+
; Estimated Total logic elements              ; 1,718         ;
;                                             ;               ;
; Total combinational functions               ; 1718          ;
; Logic element usage by number of LUT inputs ;               ;
;     -- 4 input functions                    ; 561           ;
;     -- 3 input functions                    ; 512           ;
;     -- <=2 input functions                  ; 645           ;
;                                             ;               ;
; Logic elements by mode                      ;               ;
;     -- normal mode                          ; 1191          ;
;     -- arithmetic mode                      ; 527           ;
;                                             ;               ;
; Total registers                             ; 0             ;
;     -- Dedicated logic registers            ; 0             ;
;     -- I/O registers                        ; 0             ;
;                                             ;               ;
; I/O pins                                    ; 37            ;
; Maximum fan-out node                        ; BIN[15]~input ;
; Maximum fan-out                             ; 141           ;
; Total fan-out                               ; 4994          ;
; Average fan-out                             ; 2.79          ;
+---------------------------------------------+---------------+


+------------------------------------------------------------------------------------------------------------------------------------------------------------------------------------------------------------------------------------------------------------------------------+
; Analysis & Synthesis Resource Utilization by Entity                                                                                                                                                                                                                          ;
+----------------------------------------+-------------------+--------------+-------------+--------------+---------+-----------+------+--------------+----------------------------------------------------------------------------------------------------------+--------------+
; Compilation Hierarchy Node             ; LC Combinationals ; LC Registers ; Memory Bits ; DSP Elements ; DSP 9x9 ; DSP 18x18 ; Pins ; Virtual Pins ; Full Hierarchy Name                                                                                      ; Library Name ;
+----------------------------------------+-------------------+--------------+-------------+--------------+---------+-----------+------+--------------+----------------------------------------------------------------------------------------------------------+--------------+
; |BIN2BCD                               ; 1718 (27)         ; 0 (0)        ; 0           ; 0            ; 0       ; 0         ; 37   ; 0            ; |BIN2BCD                                                                                                 ; work         ;
;    |lpm_divide:Div0|                   ; 160 (0)           ; 0 (0)        ; 0           ; 0            ; 0       ; 0         ; 0    ; 0            ; |BIN2BCD|lpm_divide:Div0                                                                                 ; work         ;
;       |lpm_divide_phm:auto_generated|  ; 160 (0)           ; 0 (0)        ; 0           ; 0            ; 0       ; 0         ; 0    ; 0            ; |BIN2BCD|lpm_divide:Div0|lpm_divide_phm:auto_generated                                                   ; work         ;
;          |sign_div_unsign_qlh:divider| ; 160 (0)           ; 0 (0)        ; 0           ; 0            ; 0       ; 0         ; 0    ; 0            ; |BIN2BCD|lpm_divide:Div0|lpm_divide_phm:auto_generated|sign_div_unsign_qlh:divider                       ; work         ;
;             |alt_u_div_v5f:divider|    ; 160 (160)         ; 0 (0)        ; 0           ; 0            ; 0       ; 0         ; 0    ; 0            ; |BIN2BCD|lpm_divide:Div0|lpm_divide_phm:auto_generated|sign_div_unsign_qlh:divider|alt_u_div_v5f:divider ; work         ;
;    |lpm_divide:Div1|                   ; 210 (0)           ; 0 (0)        ; 0           ; 0            ; 0       ; 0         ; 0    ; 0            ; |BIN2BCD|lpm_divide:Div1                                                                                 ; work         ;
;       |lpm_divide_shm:auto_generated|  ; 210 (0)           ; 0 (0)        ; 0           ; 0            ; 0       ; 0         ; 0    ; 0            ; |BIN2BCD|lpm_divide:Div1|lpm_divide_shm:auto_generated                                                   ; work         ;
;          |sign_div_unsign_tlh:divider| ; 210 (0)           ; 0 (0)        ; 0           ; 0            ; 0       ; 0         ; 0    ; 0            ; |BIN2BCD|lpm_divide:Div1|lpm_divide_shm:auto_generated|sign_div_unsign_tlh:divider                       ; work         ;
;             |alt_u_div_56f:divider|    ; 210 (210)         ; 0 (0)        ; 0           ; 0            ; 0       ; 0         ; 0    ; 0            ; |BIN2BCD|lpm_divide:Div1|lpm_divide_shm:auto_generated|sign_div_unsign_tlh:divider|alt_u_div_56f:divider ; work         ;
;    |lpm_divide:Div2|                   ; 191 (0)           ; 0 (0)        ; 0           ; 0            ; 0       ; 0         ; 0    ; 0            ; |BIN2BCD|lpm_divide:Div2                                                                                 ; work         ;
;       |lpm_divide_6jm:auto_generated|  ; 191 (0)           ; 0 (0)        ; 0           ; 0            ; 0       ; 0         ; 0    ; 0            ; |BIN2BCD|lpm_divide:Div2|lpm_divide_6jm:auto_generated                                                   ; work         ;
;          |sign_div_unsign_7nh:divider| ; 191 (0)           ; 0 (0)        ; 0           ; 0            ; 0       ; 0         ; 0    ; 0            ; |BIN2BCD|lpm_divide:Div2|lpm_divide_6jm:auto_generated|sign_div_unsign_7nh:divider                       ; work         ;
;             |alt_u_div_p8f:divider|    ; 191 (191)         ; 0 (0)        ; 0           ; 0            ; 0       ; 0         ; 0    ; 0            ; |BIN2BCD|lpm_divide:Div2|lpm_divide_6jm:auto_generated|sign_div_unsign_7nh:divider|alt_u_div_p8f:divider ; work         ;
;    |lpm_divide:Div3|                   ; 82 (0)            ; 0 (0)        ; 0           ; 0            ; 0       ; 0         ; 0    ; 0            ; |BIN2BCD|lpm_divide:Div3                                                                                 ; work         ;
;       |lpm_divide_ajm:auto_generated|  ; 82 (0)            ; 0 (0)        ; 0           ; 0            ; 0       ; 0         ; 0    ; 0            ; |BIN2BCD|lpm_divide:Div3|lpm_divide_ajm:auto_generated                                                   ; work         ;
;          |sign_div_unsign_bnh:divider| ; 82 (0)            ; 0 (0)        ; 0           ; 0            ; 0       ; 0         ; 0    ; 0            ; |BIN2BCD|lpm_divide:Div3|lpm_divide_ajm:auto_generated|sign_div_unsign_bnh:divider                       ; work         ;
;             |alt_u_div_19f:divider|    ; 82 (82)           ; 0 (0)        ; 0           ; 0            ; 0       ; 0         ; 0    ; 0            ; |BIN2BCD|lpm_divide:Div3|lpm_divide_ajm:auto_generated|sign_div_unsign_bnh:divider|alt_u_div_19f:divider ; work         ;
;    |lpm_divide:Mod0|                   ; 361 (0)           ; 0 (0)        ; 0           ; 0            ; 0       ; 0         ; 0    ; 0            ; |BIN2BCD|lpm_divide:Mod0                                                                                 ; work         ;
;       |lpm_divide_fbm:auto_generated|  ; 361 (0)           ; 0 (0)        ; 0           ; 0            ; 0       ; 0         ; 0    ; 0            ; |BIN2BCD|lpm_divide:Mod0|lpm_divide_fbm:auto_generated                                                   ; work         ;
;          |sign_div_unsign_dnh:divider| ; 361 (0)           ; 0 (0)        ; 0           ; 0            ; 0       ; 0         ; 0    ; 0            ; |BIN2BCD|lpm_divide:Mod0|lpm_divide_fbm:auto_generated|sign_div_unsign_dnh:divider                       ; work         ;
;             |alt_u_div_59f:divider|    ; 361 (361)         ; 0 (0)        ; 0           ; 0            ; 0       ; 0         ; 0    ; 0            ; |BIN2BCD|lpm_divide:Mod0|lpm_divide_fbm:auto_generated|sign_div_unsign_dnh:divider|alt_u_div_59f:divider ; work         ;
;    |lpm_divide:Mod1|                   ; 306 (0)           ; 0 (0)        ; 0           ; 0            ; 0       ; 0         ; 0    ; 0            ; |BIN2BCD|lpm_divide:Mod1                                                                                 ; work         ;
;       |lpm_divide_fbm:auto_generated|  ; 306 (0)           ; 0 (0)        ; 0           ; 0            ; 0       ; 0         ; 0    ; 0            ; |BIN2BCD|lpm_divide:Mod1|lpm_divide_fbm:auto_generated                                                   ; work         ;
;          |sign_div_unsign_dnh:divider| ; 306 (0)           ; 0 (0)        ; 0           ; 0            ; 0       ; 0         ; 0    ; 0            ; |BIN2BCD|lpm_divide:Mod1|lpm_divide_fbm:auto_generated|sign_div_unsign_dnh:divider                       ; work         ;
;             |alt_u_div_59f:divider|    ; 306 (306)         ; 0 (0)        ; 0           ; 0            ; 0       ; 0         ; 0    ; 0            ; |BIN2BCD|lpm_divide:Mod1|lpm_divide_fbm:auto_generated|sign_div_unsign_dnh:divider|alt_u_div_59f:divider ; work         ;
;    |lpm_divide:Mod2|                   ; 264 (0)           ; 0 (0)        ; 0           ; 0            ; 0       ; 0         ; 0    ; 0            ; |BIN2BCD|lpm_divide:Mod2                                                                                 ; work         ;
;       |lpm_divide_fbm:auto_generated|  ; 264 (0)           ; 0 (0)        ; 0           ; 0            ; 0       ; 0         ; 0    ; 0            ; |BIN2BCD|lpm_divide:Mod2|lpm_divide_fbm:auto_generated                                                   ; work         ;
;          |sign_div_unsign_dnh:divider| ; 264 (0)           ; 0 (0)        ; 0           ; 0            ; 0       ; 0         ; 0    ; 0            ; |BIN2BCD|lpm_divide:Mod2|lpm_divide_fbm:auto_generated|sign_div_unsign_dnh:divider                       ; work         ;
;             |alt_u_div_59f:divider|    ; 264 (264)         ; 0 (0)        ; 0           ; 0            ; 0       ; 0         ; 0    ; 0            ; |BIN2BCD|lpm_divide:Mod2|lpm_divide_fbm:auto_generated|sign_div_unsign_dnh:divider|alt_u_div_59f:divider ; work         ;
;    |lpm_divide:Mod3|                   ; 117 (0)           ; 0 (0)        ; 0           ; 0            ; 0       ; 0         ; 0    ; 0            ; |BIN2BCD|lpm_divide:Mod3                                                                                 ; work         ;
;       |lpm_divide_fbm:auto_generated|  ; 117 (0)           ; 0 (0)        ; 0           ; 0            ; 0       ; 0         ; 0    ; 0            ; |BIN2BCD|lpm_divide:Mod3|lpm_divide_fbm:auto_generated                                                   ; work         ;
;          |sign_div_unsign_dnh:divider| ; 117 (0)           ; 0 (0)        ; 0           ; 0            ; 0       ; 0         ; 0    ; 0            ; |BIN2BCD|lpm_divide:Mod3|lpm_divide_fbm:auto_generated|sign_div_unsign_dnh:divider                       ; work         ;
;             |alt_u_div_59f:divider|    ; 117 (117)         ; 0 (0)        ; 0           ; 0            ; 0       ; 0         ; 0    ; 0            ; |BIN2BCD|lpm_divide:Mod3|lpm_divide_fbm:auto_generated|sign_div_unsign_dnh:divider|alt_u_div_59f:divider ; work         ;
+----------------------------------------+-------------------+--------------+-------------+--------------+---------+-----------+------+--------------+----------------------------------------------------------------------------------------------------------+--------------+
Note: For table entries with two numbers listed, the numbers in parentheses indicate the number of resources of the given type used by the specific entity alone. The numbers listed outside of parentheses indicate the total resources of the given type used by the specific entity and all of its sub-entities in the hierarchy.


+------------------------------------------------------+
; General Register Statistics                          ;
+----------------------------------------------+-------+
; Statistic                                    ; Value ;
+----------------------------------------------+-------+
; Total registers                              ; 0     ;
; Number of registers using Synchronous Clear  ; 0     ;
; Number of registers using Synchronous Load   ; 0     ;
; Number of registers using Asynchronous Clear ; 0     ;
; Number of registers using Asynchronous Load  ; 0     ;
; Number of registers using Clock Enable       ; 0     ;
; Number of registers using Preset             ; 0     ;
+----------------------------------------------+-------+


+------------------------------------------------------------------+
; Parameter Settings for Inferred Entity Instance: lpm_divide:Div3 ;
+------------------------+----------------+------------------------+
; Parameter Name         ; Value          ; Type                   ;
+------------------------+----------------+------------------------+
; LPM_WIDTHN             ; 16             ; Untyped                ;
; LPM_WIDTHD             ; 14             ; Untyped                ;
; LPM_NREPRESENTATION    ; UNSIGNED       ; Untyped                ;
; LPM_DREPRESENTATION    ; UNSIGNED       ; Untyped                ;
; LPM_PIPELINE           ; 0              ; Untyped                ;
; LPM_REMAINDERPOSITIVE  ; TRUE           ; Untyped                ;
; MAXIMIZE_SPEED         ; 5              ; Untyped                ;
; CBXI_PARAMETER         ; lpm_divide_ajm ; Untyped                ;
; CARRY_CHAIN            ; MANUAL         ; Untyped                ;
; OPTIMIZE_FOR_SPEED     ; 5              ; Untyped                ;
; AUTO_CARRY_CHAINS      ; ON             ; AUTO_CARRY             ;
; IGNORE_CARRY_BUFFERS   ; OFF            ; IGNORE_CARRY           ;
; AUTO_CASCADE_CHAINS    ; ON             ; AUTO_CASCADE           ;
; IGNORE_CASCADE_BUFFERS ; OFF            ; IGNORE_CASCADE         ;
+------------------------+----------------+------------------------+
Note: In order to hide this table in the UI and the text report file, please set the "Show Parameter Settings Tables in Synthesis Report" option in "Analysis and Synthesis Settings -> More Settings" to "Off".


+------------------------------------------------------------------+
; Parameter Settings for Inferred Entity Instance: lpm_divide:Mod3 ;
+------------------------+----------------+------------------------+
; Parameter Name         ; Value          ; Type                   ;
+------------------------+----------------+------------------------+
; LPM_WIDTHN             ; 16             ; Untyped                ;
; LPM_WIDTHD             ; 16             ; Untyped                ;
; LPM_NREPRESENTATION    ; UNSIGNED       ; Untyped                ;
; LPM_DREPRESENTATION    ; UNSIGNED       ; Untyped                ;
; LPM_PIPELINE           ; 0              ; Untyped                ;
; LPM_REMAINDERPOSITIVE  ; TRUE           ; Untyped                ;
; MAXIMIZE_SPEED         ; 5              ; Untyped                ;
; CBXI_PARAMETER         ; lpm_divide_fbm ; Untyped                ;
; CARRY_CHAIN            ; MANUAL         ; Untyped                ;
; OPTIMIZE_FOR_SPEED     ; 5              ; Untyped                ;
; AUTO_CARRY_CHAINS      ; ON             ; AUTO_CARRY             ;
; IGNORE_CARRY_BUFFERS   ; OFF            ; IGNORE_CARRY           ;
; AUTO_CASCADE_CHAINS    ; ON             ; AUTO_CASCADE           ;
; IGNORE_CASCADE_BUFFERS ; OFF            ; IGNORE_CASCADE         ;
+------------------------+----------------+------------------------+
Note: In order to hide this table in the UI and the text report file, please set the "Show Parameter Settings Tables in Synthesis Report" option in "Analysis and Synthesis Settings -> More Settings" to "Off".


+------------------------------------------------------------------+
; Parameter Settings for Inferred Entity Instance: lpm_divide:Div2 ;
+------------------------+----------------+------------------------+
; Parameter Name         ; Value          ; Type                   ;
+------------------------+----------------+------------------------+
; LPM_WIDTHN             ; 16             ; Untyped                ;
; LPM_WIDTHD             ; 10             ; Untyped                ;
; LPM_NREPRESENTATION    ; UNSIGNED       ; Untyped                ;
; LPM_DREPRESENTATION    ; UNSIGNED       ; Untyped                ;
; LPM_PIPELINE           ; 0              ; Untyped                ;
; LPM_REMAINDERPOSITIVE  ; TRUE           ; Untyped                ;
; MAXIMIZE_SPEED         ; 5              ; Untyped                ;
; CBXI_PARAMETER         ; lpm_divide_6jm ; Untyped                ;
; CARRY_CHAIN            ; MANUAL         ; Untyped                ;
; OPTIMIZE_FOR_SPEED     ; 5              ; Untyped                ;
; AUTO_CARRY_CHAINS      ; ON             ; AUTO_CARRY             ;
; IGNORE_CARRY_BUFFERS   ; OFF            ; IGNORE_CARRY           ;
; AUTO_CASCADE_CHAINS    ; ON             ; AUTO_CASCADE           ;
; IGNORE_CASCADE_BUFFERS ; OFF            ; IGNORE_CASCADE         ;
+------------------------+----------------+------------------------+
Note: In order to hide this table in the UI and the text report file, please set the "Show Parameter Settings Tables in Synthesis Report" option in "Analysis and Synthesis Settings -> More Settings" to "Off".


+------------------------------------------------------------------+
; Parameter Settings for Inferred Entity Instance: lpm_divide:Mod2 ;
+------------------------+----------------+------------------------+
; Parameter Name         ; Value          ; Type                   ;
+------------------------+----------------+------------------------+
; LPM_WIDTHN             ; 16             ; Untyped                ;
; LPM_WIDTHD             ; 16             ; Untyped                ;
; LPM_NREPRESENTATION    ; UNSIGNED       ; Untyped                ;
; LPM_DREPRESENTATION    ; UNSIGNED       ; Untyped                ;
; LPM_PIPELINE           ; 0              ; Untyped                ;
; LPM_REMAINDERPOSITIVE  ; TRUE           ; Untyped                ;
; MAXIMIZE_SPEED         ; 5              ; Untyped                ;
; CBXI_PARAMETER         ; lpm_divide_fbm ; Untyped                ;
; CARRY_CHAIN            ; MANUAL         ; Untyped                ;
; OPTIMIZE_FOR_SPEED     ; 5              ; Untyped                ;
; AUTO_CARRY_CHAINS      ; ON             ; AUTO_CARRY             ;
; IGNORE_CARRY_BUFFERS   ; OFF            ; IGNORE_CARRY           ;
; AUTO_CASCADE_CHAINS    ; ON             ; AUTO_CASCADE           ;
; IGNORE_CASCADE_BUFFERS ; OFF            ; IGNORE_CASCADE         ;
+------------------------+----------------+------------------------+
Note: In order to hide this table in the UI and the text report file, please set the "Show Parameter Settings Tables in Synthesis Report" option in "Analysis and Synthesis Settings -> More Settings" to "Off".


+------------------------------------------------------------------+
; Parameter Settings for Inferred Entity Instance: lpm_divide:Div1 ;
+------------------------+----------------+------------------------+
; Parameter Name         ; Value          ; Type                   ;
+------------------------+----------------+------------------------+
; LPM_WIDTHN             ; 16             ; Untyped                ;
; LPM_WIDTHD             ; 7              ; Untyped                ;
; LPM_NREPRESENTATION    ; UNSIGNED       ; Untyped                ;
; LPM_DREPRESENTATION    ; UNSIGNED       ; Untyped                ;
; LPM_PIPELINE           ; 0              ; Untyped                ;
; LPM_REMAINDERPOSITIVE  ; TRUE           ; Untyped                ;
; MAXIMIZE_SPEED         ; 5              ; Untyped                ;
; CBXI_PARAMETER         ; lpm_divide_shm ; Untyped                ;
; CARRY_CHAIN            ; MANUAL         ; Untyped                ;
; OPTIMIZE_FOR_SPEED     ; 5              ; Untyped                ;
; AUTO_CARRY_CHAINS      ; ON             ; AUTO_CARRY             ;
; IGNORE_CARRY_BUFFERS   ; OFF            ; IGNORE_CARRY           ;
; AUTO_CASCADE_CHAINS    ; ON             ; AUTO_CASCADE           ;
; IGNORE_CASCADE_BUFFERS ; OFF            ; IGNORE_CASCADE         ;
+------------------------+----------------+------------------------+
Note: In order to hide this table in the UI and the text report file, please set the "Show Parameter Settings Tables in Synthesis Report" option in "Analysis and Synthesis Settings -> More Settings" to "Off".


+------------------------------------------------------------------+
; Parameter Settings for Inferred Entity Instance: lpm_divide:Mod1 ;
+------------------------+----------------+------------------------+
; Parameter Name         ; Value          ; Type                   ;
+------------------------+----------------+------------------------+
; LPM_WIDTHN             ; 16             ; Untyped                ;
; LPM_WIDTHD             ; 16             ; Untyped                ;
; LPM_NREPRESENTATION    ; UNSIGNED       ; Untyped                ;
; LPM_DREPRESENTATION    ; UNSIGNED       ; Untyped                ;
; LPM_PIPELINE           ; 0              ; Untyped                ;
; LPM_REMAINDERPOSITIVE  ; TRUE           ; Untyped                ;
; MAXIMIZE_SPEED         ; 5              ; Untyped                ;
; CBXI_PARAMETER         ; lpm_divide_fbm ; Untyped                ;
; CARRY_CHAIN            ; MANUAL         ; Untyped                ;
; OPTIMIZE_FOR_SPEED     ; 5              ; Untyped                ;
; AUTO_CARRY_CHAINS      ; ON             ; AUTO_CARRY             ;
; IGNORE_CARRY_BUFFERS   ; OFF            ; IGNORE_CARRY           ;
; AUTO_CASCADE_CHAINS    ; ON             ; AUTO_CASCADE           ;
; IGNORE_CASCADE_BUFFERS ; OFF            ; IGNORE_CASCADE         ;
+------------------------+----------------+------------------------+
Note: In order to hide this table in the UI and the text report file, please set the "Show Parameter Settings Tables in Synthesis Report" option in "Analysis and Synthesis Settings -> More Settings" to "Off".


+------------------------------------------------------------------+
; Parameter Settings for Inferred Entity Instance: lpm_divide:Div0 ;
+------------------------+----------------+------------------------+
; Parameter Name         ; Value          ; Type                   ;
+------------------------+----------------+------------------------+
; LPM_WIDTHN             ; 16             ; Untyped                ;
; LPM_WIDTHD             ; 4              ; Untyped                ;
; LPM_NREPRESENTATION    ; UNSIGNED       ; Untyped                ;
; LPM_DREPRESENTATION    ; UNSIGNED       ; Untyped                ;
; LPM_PIPELINE           ; 0              ; Untyped                ;
; LPM_REMAINDERPOSITIVE  ; TRUE           ; Untyped                ;
; MAXIMIZE_SPEED         ; 5              ; Untyped                ;
; CBXI_PARAMETER         ; lpm_divide_phm ; Untyped                ;
; CARRY_CHAIN            ; MANUAL         ; Untyped                ;
; OPTIMIZE_FOR_SPEED     ; 5              ; Untyped                ;
; AUTO_CARRY_CHAINS      ; ON             ; AUTO_CARRY             ;
; IGNORE_CARRY_BUFFERS   ; OFF            ; IGNORE_CARRY           ;
; AUTO_CASCADE_CHAINS    ; ON             ; AUTO_CASCADE           ;
; IGNORE_CASCADE_BUFFERS ; OFF            ; IGNORE_CASCADE         ;
+------------------------+----------------+------------------------+
Note: In order to hide this table in the UI and the text report file, please set the "Show Parameter Settings Tables in Synthesis Report" option in "Analysis and Synthesis Settings -> More Settings" to "Off".


+------------------------------------------------------------------+
; Parameter Settings for Inferred Entity Instance: lpm_divide:Mod0 ;
+------------------------+----------------+------------------------+
; Parameter Name         ; Value          ; Type                   ;
+------------------------+----------------+------------------------+
; LPM_WIDTHN             ; 16             ; Untyped                ;
; LPM_WIDTHD             ; 16             ; Untyped                ;
; LPM_NREPRESENTATION    ; UNSIGNED       ; Untyped                ;
; LPM_DREPRESENTATION    ; UNSIGNED       ; Untyped                ;
; LPM_PIPELINE           ; 0              ; Untyped                ;
; LPM_REMAINDERPOSITIVE  ; TRUE           ; Untyped                ;
; MAXIMIZE_SPEED         ; 5              ; Untyped                ;
; CBXI_PARAMETER         ; lpm_divide_fbm ; Untyped                ;
; CARRY_CHAIN            ; MANUAL         ; Untyped                ;
; OPTIMIZE_FOR_SPEED     ; 5              ; Untyped                ;
; AUTO_CARRY_CHAINS      ; ON             ; AUTO_CARRY             ;
; IGNORE_CARRY_BUFFERS   ; OFF            ; IGNORE_CARRY           ;
; AUTO_CASCADE_CHAINS    ; ON             ; AUTO_CASCADE           ;
; IGNORE_CASCADE_BUFFERS ; OFF            ; IGNORE_CASCADE         ;
+------------------------+----------------+------------------------+
Note: In order to hide this table in the UI and the text report file, please set the "Show Parameter Settings Tables in Synthesis Report" option in "Analysis and Synthesis Settings -> More Settings" to "Off".


+-------------------------------+
; Analysis & Synthesis Messages ;
+-------------------------------+
Info: *******************************************************************
Info: Running Quartus II Analysis & Synthesis
    Info: Version 8.1 Build 163 10/28/2008 SJ Web Edition
    Info: Processing started: Wed Nov 17 05:37:40 2021
Info: Command: quartus_map --read_settings_files=on --write_settings_files=off BIN2BCD -c BIN2BCD
Info: Found 2 design units, including 1 entities, in source file BIN2BCD.vhd
    Info: Found design unit 1: BIN2BCD-Behavioral
    Info: Found entity 1: BIN2BCD
Warning: EDA synthesis tool is specified as "Custom", but Library Mapping File is not specified
Warning: EDA synthesis tool is specified as "Custom", but VCC is not specified
Warning: EDA synthesis tool is specified as "Custom", but GND is not specified
Info: Elaborating entity "BIN2BCD" for the top level hierarchy
Warning (10492): VHDL Process Statement warning at BIN2BCD.vhd(39): signal "int_in" is read inside the Process Statement but isn't in the Process Statement's sensitivity list
Warning (10492): VHDL Process Statement warning at BIN2BCD.vhd(40): signal "int_in" is read inside the Process Statement but isn't in the Process Statement's sensitivity list
Warning (10492): VHDL Process Statement warning at BIN2BCD.vhd(41): signal "int_in" is read inside the Process Statement but isn't in the Process Statement's sensitivity list
Warning (10492): VHDL Process Statement warning at BIN2BCD.vhd(42): signal "int_in" is read inside the Process Statement but isn't in the Process Statement's sensitivity list
Warning (10492): VHDL Process Statement warning at BIN2BCD.vhd(43): signal "int_in" is read inside the Process Statement but isn't in the Process Statement's sensitivity list
Info: Inferred 8 megafunctions from design logic
    Info: Inferred divider/modulo megafunction ("lpm_divide") from the following logic: "Div3"
    Info: Inferred divider/modulo megafunction ("lpm_divide") from the following logic: "Mod3"
    Info: Inferred divider/modulo megafunction ("lpm_divide") from the following logic: "Div2"
    Info: Inferred divider/modulo megafunction ("lpm_divide") from the following logic: "Mod2"
    Info: Inferred divider/modulo megafunction ("lpm_divide") from the following logic: "Div1"
    Info: Inferred divider/modulo megafunction ("lpm_divide") from the following logic: "Mod1"
    Info: Inferred divider/modulo megafunction ("lpm_divide") from the following logic: "Div0"
    Info: Inferred divider/modulo megafunction ("lpm_divide") from the following logic: "Mod0"
Info: Elaborated megafunction instantiation "lpm_divide:Div3"
Info: Instantiated megafunction "lpm_divide:Div3" with the following parameter:
    Info: Parameter "LPM_WIDTHN" = "16"
    Info: Parameter "LPM_WIDTHD" = "14"
    Info: Parameter "LPM_NREPRESENTATION" = "UNSIGNED"
    Info: Parameter "LPM_DREPRESENTATION" = "UNSIGNED"
Info: Found 1 design units, including 1 entities, in source file db/lpm_divide_ajm.tdf
    Info: Found entity 1: lpm_divide_ajm
Info: Found 1 design units, including 1 entities, in source file db/sign_div_unsign_bnh.tdf
    Info: Found entity 1: sign_div_unsign_bnh
Info: Found 1 design units, including 1 entities, in source file db/alt_u_div_19f.tdf
    Info: Found entity 1: alt_u_div_19f
Info: Found 1 design units, including 1 entities, in source file db/add_sub_unc.tdf
    Info: Found entity 1: add_sub_unc
Info: Found 1 design units, including 1 entities, in source file db/add_sub_vnc.tdf
    Info: Found entity 1: add_sub_vnc
Info: Elaborated megafunction instantiation "lpm_divide:Mod3"
Info: Instantiated megafunction "lpm_divide:Mod3" with the following parameter:
    Info: Parameter "LPM_WIDTHN" = "16"
    Info: Parameter "LPM_WIDTHD" = "16"
    Info: Parameter "LPM_NREPRESENTATION" = "UNSIGNED"
    Info: Parameter "LPM_DREPRESENTATION" = "UNSIGNED"
Info: Found 1 design units, including 1 entities, in source file db/lpm_divide_fbm.tdf
    Info: Found entity 1: lpm_divide_fbm
Info: Found 1 design units, including 1 entities, in source file db/sign_div_unsign_dnh.tdf
    Info: Found entity 1: sign_div_unsign_dnh
Info: Found 1 design units, including 1 entities, in source file db/alt_u_div_59f.tdf
    Info: Found entity 1: alt_u_div_59f
Info: Elaborated megafunction instantiation "lpm_divide:Div2"
Info: Instantiated megafunction "lpm_divide:Div2" with the following parameter:
    Info: Parameter "LPM_WIDTHN" = "16"
    Info: Parameter "LPM_WIDTHD" = "10"
    Info: Parameter "LPM_NREPRESENTATION" = "UNSIGNED"
    Info: Parameter "LPM_DREPRESENTATION" = "UNSIGNED"
Info: Found 1 design units, including 1 entities, in source file db/lpm_divide_6jm.tdf
    Info: Found entity 1: lpm_divide_6jm
Info: Found 1 design units, including 1 entities, in source file db/sign_div_unsign_7nh.tdf
    Info: Found entity 1: sign_div_unsign_7nh
Info: Found 1 design units, including 1 entities, in source file db/alt_u_div_p8f.tdf
    Info: Found entity 1: alt_u_div_p8f
Info: Elaborated megafunction instantiation "lpm_divide:Mod2"
Info: Instantiated megafunction "lpm_divide:Mod2" with the following parameter:
    Info: Parameter "LPM_WIDTHN" = "16"
    Info: Parameter "LPM_WIDTHD" = "16"
    Info: Parameter "LPM_NREPRESENTATION" = "UNSIGNED"
    Info: Parameter "LPM_DREPRESENTATION" = "UNSIGNED"
Info: Elaborated megafunction instantiation "lpm_divide:Div1"
Info: Instantiated megafunction "lpm_divide:Div1" with the following parameter:
    Info: Parameter "LPM_WIDTHN" = "16"
    Info: Parameter "LPM_WIDTHD" = "7"
    Info: Parameter "LPM_NREPRESENTATION" = "UNSIGNED"
    Info: Parameter "LPM_DREPRESENTATION" = "UNSIGNED"
Info: Found 1 design units, including 1 entities, in source file db/lpm_divide_shm.tdf
    Info: Found entity 1: lpm_divide_shm
Info: Found 1 design units, including 1 entities, in source file db/sign_div_unsign_tlh.tdf
    Info: Found entity 1: sign_div_unsign_tlh
Info: Found 1 design units, including 1 entities, in source file db/alt_u_div_56f.tdf
    Info: Found entity 1: alt_u_div_56f
Info: Elaborated megafunction instantiation "lpm_divide:Mod1"
Info: Instantiated megafunction "lpm_divide:Mod1" with the following parameter:
    Info: Parameter "LPM_WIDTHN" = "16"
    Info: Parameter "LPM_WIDTHD" = "16"
    Info: Parameter "LPM_NREPRESENTATION" = "UNSIGNED"
    Info: Parameter "LPM_DREPRESENTATION" = "UNSIGNED"
Info: Elaborated megafunction instantiation "lpm_divide:Div0"
Info: Instantiated megafunction "lpm_divide:Div0" with the following parameter:
    Info: Parameter "LPM_WIDTHN" = "16"
    Info: Parameter "LPM_WIDTHD" = "4"
    Info: Parameter "LPM_NREPRESENTATION" = "UNSIGNED"
    Info: Parameter "LPM_DREPRESENTATION" = "UNSIGNED"
Info: Found 1 design units, including 1 entities, in source file db/lpm_divide_phm.tdf
    Info: Found entity 1: lpm_divide_phm
Info: Found 1 design units, including 1 entities, in source file db/sign_div_unsign_qlh.tdf
    Info: Found entity 1: sign_div_unsign_qlh
Info: Found 1 design units, including 1 entities, in source file db/alt_u_div_v5f.tdf
    Info: Found entity 1: alt_u_div_v5f
Info: Elaborated megafunction instantiation "lpm_divide:Mod0"
Info: Instantiated megafunction "lpm_divide:Mod0" with the following parameter:
    Info: Parameter "LPM_WIDTHN" = "16"
    Info: Parameter "LPM_WIDTHD" = "16"
    Info: Parameter "LPM_NREPRESENTATION" = "UNSIGNED"
    Info: Parameter "LPM_DREPRESENTATION" = "UNSIGNED"
Warning: Output pins are stuck at VCC or GND
    Warning (13410): Pin "BCD4[3]" is stuck at GND
Info: Implemented 1755 device resources after synthesis - the final resource count might be different
    Info: Implemented 16 input pins
    Info: Implemented 21 output pins
    Info: Implemented 1718 logic cells
Info: Quartus II Analysis & Synthesis was successful. 0 errors, 10 warnings
    Info: Peak virtual memory: 255 megabytes
    Info: Processing ended: Wed Nov 17 05:37:45 2021
    Info: Elapsed time: 00:00:05
    Info: Total CPU time (on all processors): 00:00:05


